This is pdfTeX, Version 3.14159265-2.6-1.40.16 (MiKTeX 2.9 64-bit) (preloaded format=pdflatex 2016.2.22)  9 MAR 2016 23:59
entering extended mode
**./Software.Requirements.Specification.and.Technology.Neutral.Process.Design.t
ex
(Software.Requirements.Specification.and.Technology.Neutral.Process.Design.tex
LaTeX2e <2015/10/01> patch level 2
Babel <3.9n> and hyphenation patterns for 69 languages loaded.
("C:\Program Files\MiKTeX 2.9\tex\latex\base\article.cls"
Document Class: article 2014/09/29 v1.4h Standard LaTeX document class
("C:\Program Files\MiKTeX 2.9\tex\latex\base\size12.clo"
File: size12.clo 2014/09/29 v1.4h Standard LaTeX file (size option)
)
\c@part=\count79
\c@section=\count80
\c@subsection=\count81
\c@subsubsection=\count82
\c@paragraph=\count83
\c@subparagraph=\count84
\c@figure=\count85
\c@table=\count86
\abovecaptionskip=\skip41
\belowcaptionskip=\skip42
\bibindent=\dimen102
)
("C:\Program Files\MiKTeX 2.9\tex\latex\blindtext\blindtext.sty"
Package: blindtext 2012/01/06 V2.0 blindtext-Package

("C:\Program Files\MiKTeX 2.9\tex\latex\tools\xspace.sty"
Package: xspace 2014/10/28 v1.13 Space after command names (DPC,MH)
)
\c@blindtext=\count87
\c@Blindtext=\count88
\c@blind@countparstart=\count89
\blind@countxx=\count90
\blindtext@numBlindtext=\count91
\blind@countyy=\count92
\c@blindlist=\count93
\c@blindlistlevel=\count94
\c@blindlist@level=\count95
\blind@listitem=\count96
\c@blind@listcount=\count97
\c@blind@levelcount=\count98
\blind@mathformula=\count99
\blind@Mathformula=\count100
\c@blind@randomcount=\count101
\c@blind@randommax=\count102
\c@blind@pangramcount=\count103
\c@blind@pangrammax=\count104
)
("C:\Program Files\MiKTeX 2.9\tex\latex\base\inputenc.sty"
Package: inputenc 2015/03/17 v1.2c Input encoding file
\inpenc@prehook=\toks14
\inpenc@posthook=\toks15

("C:\Program Files\MiKTeX 2.9\tex\latex\base\utf8.def"
File: utf8.def 2015/09/07 v1.1p UTF-8 support for inputenc
Now handling font encoding OML ...
... no UTF-8 mapping file for font encoding OML
Now handling font encoding T1 ...
... processing UTF-8 mapping file for font encoding T1

("C:\Program Files\MiKTeX 2.9\tex\latex\base\t1enc.dfu"
File: t1enc.dfu 2015/09/07 v1.1p UTF-8 support for inputenc
   defining Unicode char U+00A0 (decimal 160)
   defining Unicode char U+00A1 (decimal 161)
   defining Unicode char U+00A3 (decimal 163)
   defining Unicode char U+00AB (decimal 171)
   defining Unicode char U+00AD (decimal 173)
   defining Unicode char U+00BB (decimal 187)
   defining Unicode char U+00BF (decimal 191)
   defining Unicode char U+00C0 (decimal 192)
   defining Unicode char U+00C1 (decimal 193)
   defining Unicode char U+00C2 (decimal 194)
   defining Unicode char U+00C3 (decimal 195)
   defining Unicode char U+00C4 (decimal 196)
   defining Unicode char U+00C5 (decimal 197)
   defining Unicode char U+00C6 (decimal 198)
   defining Unicode char U+00C7 (decimal 199)
   defining Unicode char U+00C8 (decimal 200)
   defining Unicode char U+00C9 (decimal 201)
   defining Unicode char U+00CA (decimal 202)
   defining Unicode char U+00CB (decimal 203)
   defining Unicode char U+00CC (decimal 204)
   defining Unicode char U+00CD (decimal 205)
   defining Unicode char U+00CE (decimal 206)
   defining Unicode char U+00CF (decimal 207)
   defining Unicode char U+00D0 (decimal 208)
   defining Unicode char U+00D1 (decimal 209)
   defining Unicode char U+00D2 (decimal 210)
   defining Unicode char U+00D3 (decimal 211)
   defining Unicode char U+00D4 (decimal 212)
   defining Unicode char U+00D5 (decimal 213)
   defining Unicode char U+00D6 (decimal 214)
   defining Unicode char U+00D8 (decimal 216)
   defining Unicode char U+00D9 (decimal 217)
   defining Unicode char U+00DA (decimal 218)
   defining Unicode char U+00DB (decimal 219)
   defining Unicode char U+00DC (decimal 220)
   defining Unicode char U+00DD (decimal 221)
   defining Unicode char U+00DE (decimal 222)
   defining Unicode char U+00DF (decimal 223)
   defining Unicode char U+00E0 (decimal 224)
   defining Unicode char U+00E1 (decimal 225)
   defining Unicode char U+00E2 (decimal 226)
   defining Unicode char U+00E3 (decimal 227)
   defining Unicode char U+00E4 (decimal 228)
   defining Unicode char U+00E5 (decimal 229)
   defining Unicode char U+00E6 (decimal 230)
   defining Unicode char U+00E7 (decimal 231)
   defining Unicode char U+00E8 (decimal 232)
   defining Unicode char U+00E9 (decimal 233)
   defining Unicode char U+00EA (decimal 234)
   defining Unicode char U+00EB (decimal 235)
   defining Unicode char U+00EC (decimal 236)
   defining Unicode char U+00ED (decimal 237)
   defining Unicode char U+00EE (decimal 238)
   defining Unicode char U+00EF (decimal 239)
   defining Unicode char U+00F0 (decimal 240)
   defining Unicode char U+00F1 (decimal 241)
   defining Unicode char U+00F2 (decimal 242)
   defining Unicode char U+00F3 (decimal 243)
   defining Unicode char U+00F4 (decimal 244)
   defining Unicode char U+00F5 (decimal 245)
   defining Unicode char U+00F6 (decimal 246)
   defining Unicode char U+00F8 (decimal 248)
   defining Unicode char U+00F9 (decimal 249)
   defining Unicode char U+00FA (decimal 250)
   defining Unicode char U+00FB (decimal 251)
   defining Unicode char U+00FC (decimal 252)
   defining Unicode char U+00FD (decimal 253)
   defining Unicode char U+00FE (decimal 254)
   defining Unicode char U+00FF (decimal 255)
   defining Unicode char U+0102 (decimal 258)
   defining Unicode char U+0103 (decimal 259)
   defining Unicode char U+0104 (decimal 260)
   defining Unicode char U+0105 (decimal 261)
   defining Unicode char U+0106 (decimal 262)
   defining Unicode char U+0107 (decimal 263)
   defining Unicode char U+010C (decimal 268)
   defining Unicode char U+010D (decimal 269)
   defining Unicode char U+010E (decimal 270)
   defining Unicode char U+010F (decimal 271)
   defining Unicode char U+0110 (decimal 272)
   defining Unicode char U+0111 (decimal 273)
   defining Unicode char U+0118 (decimal 280)
   defining Unicode char U+0119 (decimal 281)
   defining Unicode char U+011A (decimal 282)
   defining Unicode char U+011B (decimal 283)
   defining Unicode char U+011E (decimal 286)
   defining Unicode char U+011F (decimal 287)
   defining Unicode char U+0130 (decimal 304)
   defining Unicode char U+0131 (decimal 305)
   defining Unicode char U+0132 (decimal 306)
   defining Unicode char U+0133 (decimal 307)
   defining Unicode char U+0139 (decimal 313)
   defining Unicode char U+013A (decimal 314)
   defining Unicode char U+013D (decimal 317)
   defining Unicode char U+013E (decimal 318)
   defining Unicode char U+0141 (decimal 321)
   defining Unicode char U+0142 (decimal 322)
   defining Unicode char U+0143 (decimal 323)
   defining Unicode char U+0144 (decimal 324)
   defining Unicode char U+0147 (decimal 327)
   defining Unicode char U+0148 (decimal 328)
   defining Unicode char U+014A (decimal 330)
   defining Unicode char U+014B (decimal 331)
   defining Unicode char U+0150 (decimal 336)
   defining Unicode char U+0151 (decimal 337)
   defining Unicode char U+0152 (decimal 338)
   defining Unicode char U+0153 (decimal 339)
   defining Unicode char U+0154 (decimal 340)
   defining Unicode char U+0155 (decimal 341)
   defining Unicode char U+0158 (decimal 344)
   defining Unicode char U+0159 (decimal 345)
   defining Unicode char U+015A (decimal 346)
   defining Unicode char U+015B (decimal 347)
   defining Unicode char U+015E (decimal 350)
   defining Unicode char U+015F (decimal 351)
   defining Unicode char U+0160 (decimal 352)
   defining Unicode char U+0161 (decimal 353)
   defining Unicode char U+0162 (decimal 354)
   defining Unicode char U+0163 (decimal 355)
   defining Unicode char U+0164 (decimal 356)
   defining Unicode char U+0165 (decimal 357)
   defining Unicode char U+016E (decimal 366)
   defining Unicode char U+016F (decimal 367)
   defining Unicode char U+0170 (decimal 368)
   defining Unicode char U+0171 (decimal 369)
   defining Unicode char U+0174 (decimal 372)
   defining Unicode char U+0175 (decimal 373)
   defining Unicode char U+0176 (decimal 374)
   defining Unicode char U+0177 (decimal 375)
   defining Unicode char U+0178 (decimal 376)
   defining Unicode char U+0179 (decimal 377)
   defining Unicode char U+017A (decimal 378)
   defining Unicode char U+017B (decimal 379)
   defining Unicode char U+017C (decimal 380)
   defining Unicode char U+017D (decimal 381)
   defining Unicode char U+017E (decimal 382)
   defining Unicode char U+0218 (decimal 536)
   defining Unicode char U+0219 (decimal 537)
   defining Unicode char U+021A (decimal 538)
   defining Unicode char U+021B (decimal 539)
   defining Unicode char U+200C (decimal 8204)
   defining Unicode char U+2013 (decimal 8211)
   defining Unicode char U+2014 (decimal 8212)
   defining Unicode char U+2018 (decimal 8216)
   defining Unicode char U+2019 (decimal 8217)
   defining Unicode char U+201A (decimal 8218)
   defining Unicode char U+201C (decimal 8220)
   defining Unicode char U+201D (decimal 8221)
   defining Unicode char U+201E (decimal 8222)
   defining Unicode char U+2030 (decimal 8240)
   defining Unicode char U+2031 (decimal 8241)
   defining Unicode char U+2039 (decimal 8249)
   defining Unicode char U+203A (decimal 8250)
   defining Unicode char U+2423 (decimal 9251)
)
Now handling font encoding OT1 ...
... processing UTF-8 mapping file for font encoding OT1

("C:\Program Files\MiKTeX 2.9\tex\latex\base\ot1enc.dfu"
File: ot1enc.dfu 2015/09/07 v1.1p UTF-8 support for inputenc
   defining Unicode char U+00A0 (decimal 160)
   defining Unicode char U+00A1 (decimal 161)
   defining Unicode char U+00A3 (decimal 163)
   defining Unicode char U+00AD (decimal 173)
   defining Unicode char U+00B8 (decimal 184)
   defining Unicode char U+00BF (decimal 191)
   defining Unicode char U+00C5 (decimal 197)
   defining Unicode char U+00C6 (decimal 198)
   defining Unicode char U+00D8 (decimal 216)
   defining Unicode char U+00DF (decimal 223)
   defining Unicode char U+00E6 (decimal 230)
   defining Unicode char U+00EC (decimal 236)
   defining Unicode char U+00ED (decimal 237)
   defining Unicode char U+00EE (decimal 238)
   defining Unicode char U+00EF (decimal 239)
   defining Unicode char U+00F8 (decimal 248)
   defining Unicode char U+0131 (decimal 305)
   defining Unicode char U+0141 (decimal 321)
   defining Unicode char U+0142 (decimal 322)
   defining Unicode char U+0152 (decimal 338)
   defining Unicode char U+0153 (decimal 339)
   defining Unicode char U+0174 (decimal 372)
   defining Unicode char U+0175 (decimal 373)
   defining Unicode char U+0176 (decimal 374)
   defining Unicode char U+0177 (decimal 375)
   defining Unicode char U+0218 (decimal 536)
   defining Unicode char U+0219 (decimal 537)
   defining Unicode char U+021A (decimal 538)
   defining Unicode char U+021B (decimal 539)
   defining Unicode char U+2013 (decimal 8211)
   defining Unicode char U+2014 (decimal 8212)
   defining Unicode char U+2018 (decimal 8216)
   defining Unicode char U+2019 (decimal 8217)
   defining Unicode char U+201C (decimal 8220)
   defining Unicode char U+201D (decimal 8221)
)
Now handling font encoding OMS ...
... processing UTF-8 mapping file for font encoding OMS

("C:\Program Files\MiKTeX 2.9\tex\latex\base\omsenc.dfu"
File: omsenc.dfu 2015/09/07 v1.1p UTF-8 support for inputenc
   defining Unicode char U+00A7 (decimal 167)
   defining Unicode char U+00B6 (decimal 182)
   defining Unicode char U+00B7 (decimal 183)
   defining Unicode char U+2020 (decimal 8224)
   defining Unicode char U+2021 (decimal 8225)
   defining Unicode char U+2022 (decimal 8226)
)
Now handling font encoding OMX ...
... no UTF-8 mapping file for font encoding OMX
Now handling font encoding U ...
... no UTF-8 mapping file for font encoding U
   defining Unicode char U+00A9 (decimal 169)
   defining Unicode char U+00AA (decimal 170)
   defining Unicode char U+00AE (decimal 174)
   defining Unicode char U+00BA (decimal 186)
   defining Unicode char U+02C6 (decimal 710)
   defining Unicode char U+02DC (decimal 732)
   defining Unicode char U+200C (decimal 8204)
   defining Unicode char U+2026 (decimal 8230)
   defining Unicode char U+2122 (decimal 8482)
   defining Unicode char U+2423 (decimal 9251)
))
("C:\Program Files\MiKTeX 2.9\tex\latex\hyperref\hyperref.sty"
Package: hyperref 2012/11/06 v6.83m Hypertext links for LaTeX

("C:\Program Files\MiKTeX 2.9\tex\generic\oberdiek\hobsub-hyperref.sty"
Package: hobsub-hyperref 2012/04/25 v1.12 Bundle oberdiek, subset hyperref (HO)


("C:\Program Files\MiKTeX 2.9\tex\generic\oberdiek\hobsub-generic.sty"
Package: hobsub-generic 2012/04/25 v1.12 Bundle oberdiek, subset generic (HO)
Package: hobsub 2012/04/25 v1.12 Construct package bundles (HO)
Package: infwarerr 2010/04/08 v1.3 Providing info/warning/error messages (HO)
Package: ltxcmds 2011/11/09 v1.22 LaTeX kernel commands for general use (HO)
Package: ifluatex 2010/03/01 v1.3 Provides the ifluatex switch (HO)
Package ifluatex Info: LuaTeX not detected.
Package: ifvtex 2010/03/01 v1.5 Detect VTeX and its facilities (HO)
Package ifvtex Info: VTeX not detected.
Package: intcalc 2007/09/27 v1.1 Expandable calculations with integers (HO)
Package: ifpdf 2011/01/30 v2.3 Provides the ifpdf switch (HO)
Package ifpdf Info: pdfTeX in PDF mode is detected.
Package: etexcmds 2011/02/16 v1.5 Avoid name clashes with e-TeX commands (HO)
Package etexcmds Info: Could not find \expanded.
(etexcmds)             That can mean that you are not using pdfTeX 1.50 or
(etexcmds)             that some package has redefined \expanded.
(etexcmds)             In the latter case, load this package earlier.
Package: kvsetkeys 2012/04/25 v1.16 Key value parser (HO)
Package: kvdefinekeys 2011/04/07 v1.3 Define keys (HO)
Package: pdftexcmds 2011/11/29 v0.20 Utility functions of pdfTeX for LuaTeX (HO
)
Package pdftexcmds Info: LuaTeX not detected.
Package pdftexcmds Info: \pdf@primitive is available.
Package pdftexcmds Info: \pdf@ifprimitive is available.
Package pdftexcmds Info: \pdfdraftmode found.
Package: pdfescape 2011/11/25 v1.13 Implements pdfTeX's escape features (HO)
Package: bigintcalc 2012/04/08 v1.3 Expandable calculations on big integers (HO
)
Package: bitset 2011/01/30 v1.1 Handle bit-vector datatype (HO)
Package: uniquecounter 2011/01/30 v1.2 Provide unlimited unique counter (HO)
)
Package hobsub Info: Skipping package `hobsub' (already loaded).
Package: letltxmacro 2010/09/02 v1.4 Let assignment for LaTeX macros (HO)
Package: hopatch 2011/06/24 v1.1 Wrapper for package hooks (HO)
Package: xcolor-patch 2011/01/30 xcolor patch
Package: atveryend 2011/06/30 v1.8 Hooks at the very end of document (HO)
Package atveryend Info: \enddocument detected (standard20110627).
Package: atbegshi 2011/10/05 v1.16 At begin shipout hook (HO)
Package: refcount 2011/10/16 v3.4 Data extraction from label references (HO)
Package: hycolor 2011/01/30 v1.7 Color options for hyperref/bookmark (HO)
)
("C:\Program Files\MiKTeX 2.9\tex\latex\graphics\keyval.sty"
Package: keyval 2014/10/28 v1.15 key=value parser (DPC)
\KV@toks@=\toks16
)
("C:\Program Files\MiKTeX 2.9\tex\generic\ifxetex\ifxetex.sty"
Package: ifxetex 2010/09/12 v0.6 Provides ifxetex conditional
)
("C:\Program Files\MiKTeX 2.9\tex\latex\oberdiek\auxhook.sty"
Package: auxhook 2011/03/04 v1.3 Hooks for auxiliary files (HO)
)
("C:\Program Files\MiKTeX 2.9\tex\latex\oberdiek\kvoptions.sty"
Package: kvoptions 2011/06/30 v3.11 Key value format for package options (HO)
)
\@linkdim=\dimen103
\Hy@linkcounter=\count105
\Hy@pagecounter=\count106

("C:\Program Files\MiKTeX 2.9\tex\latex\hyperref\pd1enc.def"
File: pd1enc.def 2012/11/06 v6.83m Hyperref: PDFDocEncoding definition (HO)
Now handling font encoding PD1 ...
... no UTF-8 mapping file for font encoding PD1
)
\Hy@SavedSpaceFactor=\count107

("C:\Program Files\MiKTeX 2.9\tex\latex\00miktex\hyperref.cfg"
File: hyperref.cfg 2002/06/06 v1.2 hyperref configuration of TeXLive
)
Package hyperref Info: Hyper figures OFF on input line 4443.
Package hyperref Info: Link nesting OFF on input line 4448.
Package hyperref Info: Hyper index ON on input line 4451.
Package hyperref Info: Plain pages OFF on input line 4458.
Package hyperref Info: Backreferencing OFF on input line 4463.
Package hyperref Info: Implicit mode ON; LaTeX internals redefined.
Package hyperref Info: Bookmarks ON on input line 4688.
\c@Hy@tempcnt=\count108

("C:\Program Files\MiKTeX 2.9\tex\latex\url\url.sty"
\Urlmuskip=\muskip10
Package: url 2013/09/16  ver 3.4  Verb mode for urls, etc.
)
LaTeX Info: Redefining \url on input line 5041.
\XeTeXLinkMargin=\dimen104
\Fld@menulength=\count109
\Field@Width=\dimen105
\Fld@charsize=\dimen106
Package hyperref Info: Hyper figures OFF on input line 6295.
Package hyperref Info: Link nesting OFF on input line 6300.
Package hyperref Info: Hyper index ON on input line 6303.
Package hyperref Info: backreferencing OFF on input line 6310.
Package hyperref Info: Link coloring OFF on input line 6315.
Package hyperref Info: Link coloring with OCG OFF on input line 6320.
Package hyperref Info: PDF/A mode OFF on input line 6325.
LaTeX Info: Redefining \ref on input line 6365.
LaTeX Info: Redefining \pageref on input line 6369.
\Hy@abspage=\count110
\c@Item=\count111
\c@Hfootnote=\count112
)

Package hyperref Message: Driver (autodetected): hpdftex.

("C:\Program Files\MiKTeX 2.9\tex\latex\hyperref\hpdftex.def"
File: hpdftex.def 2012/11/06 v6.83m Hyperref driver for pdfTeX
\Fld@listcount=\count113
\c@bookmark@seq@number=\count114

("C:\Program Files\MiKTeX 2.9\tex\latex\oberdiek\rerunfilecheck.sty"
Package: rerunfilecheck 2011/04/15 v1.7 Rerun checks for auxiliary files (HO)
Package uniquecounter Info: New unique counter `rerunfilecheck' on input line 2
82.
)
\Hy@SectionHShift=\skip43
)
("C:\Program Files\MiKTeX 2.9\tex\latex\graphics\graphicx.sty"
Package: graphicx 2014/10/28 v1.0g Enhanced LaTeX Graphics (DPC,SPQR)

("C:\Program Files\MiKTeX 2.9\tex\latex\graphics\graphics.sty"
Package: graphics 2014/10/28 v1.0p Standard LaTeX Graphics (DPC,SPQR)

("C:\Program Files\MiKTeX 2.9\tex\latex\graphics\trig.sty"
Package: trig 1999/03/16 v1.09 sin cos tan (DPC)
)
("C:\Program Files\MiKTeX 2.9\tex\latex\00miktex\graphics.cfg"
File: graphics.cfg 2007/01/18 v1.5 graphics configuration of teTeX/TeXLive
)
Package graphics Info: Driver file: pdftex.def on input line 94.

("C:\Program Files\MiKTeX 2.9\tex\latex\pdftex-def\pdftex.def"
File: pdftex.def 2011/05/27 v0.06d Graphics/color for pdfTeX
\Gread@gobject=\count115
))
\Gin@req@height=\dimen107
\Gin@req@width=\dimen108
)
("C:\Program Files\MiKTeX 2.9\tex\latex\float\float.sty"
Package: float 2001/11/08 v1.3d Float enhancements (AL)
\c@float@type=\count116
\float@exts=\toks17
\float@box=\box26
\@float@everytoks=\toks18
\@floatcapt=\box27
)
(Software.Requirements.Specification.and.Technology.Neutral.Process.Design.aux)
\openout1 = `Software.Requirements.Specification.and.Technology.Neutral.Process
.Design.aux'.

LaTeX Font Info:    Checking defaults for OML/cmm/m/it on input line 9.
LaTeX Font Info:    ... okay on input line 9.
LaTeX Font Info:    Checking defaults for T1/cmr/m/n on input line 9.
LaTeX Font Info:    ... okay on input line 9.
LaTeX Font Info:    Checking defaults for OT1/cmr/m/n on input line 9.
LaTeX Font Info:    ... okay on input line 9.
LaTeX Font Info:    Checking defaults for OMS/cmsy/m/n on input line 9.
LaTeX Font Info:    ... okay on input line 9.
LaTeX Font Info:    Checking defaults for OMX/cmex/m/n on input line 9.
LaTeX Font Info:    ... okay on input line 9.
LaTeX Font Info:    Checking defaults for U/cmr/m/n on input line 9.
LaTeX Font Info:    ... okay on input line 9.
LaTeX Font Info:    Checking defaults for PD1/pdf/m/n on input line 9.
LaTeX Font Info:    ... okay on input line 9.
\AtBeginShipoutBox=\box28
Package hyperref Info: Link coloring OFF on input line 9.
("C:\Program Files\MiKTeX 2.9\tex\latex\hyperref\nameref.sty"
Package: nameref 2012/10/27 v2.43 Cross-referencing by name of section

("C:\Program Files\MiKTeX 2.9\tex\generic\oberdiek\gettitlestring.sty"
Package: gettitlestring 2010/12/03 v1.4 Cleanup title references (HO)
)
\c@section@level=\count117
)
LaTeX Info: Redefining \ref on input line 9.
LaTeX Info: Redefining \pageref on input line 9.
LaTeX Info: Redefining \nameref on input line 9.

(Software.Requirements.Specification.and.Technology.Neutral.Process.Design.out)
(Software.Requirements.Specification.and.Technology.Neutral.Process.Design.out)
\@outlinefile=\write3
\openout3 = `Software.Requirements.Specification.and.Technology.Neutral.Process
.Design.out'.

("C:\Program Files\MiKTeX 2.9\tex\context\base\supp-pdf.mkii"
[Loading MPS to PDF converter (version 2006.09.02).]
\scratchcounter=\count118
\scratchdimen=\dimen109
\scratchbox=\box29
\nofMPsegments=\count119
\nofMParguments=\count120
\everyMPshowfont=\toks19
\MPscratchCnt=\count121
\MPscratchDim=\dimen110
\MPnumerator=\count122
\makeMPintoPDFobject=\count123
\everyMPtoPDFconversion=\toks20
)
LaTeX Font Info:    External font `cmex10' loaded for size
(Font)              <12> on input line 49.
LaTeX Font Info:    External font `cmex10' loaded for size
(Font)              <8> on input line 49.
LaTeX Font Info:    External font `cmex10' loaded for size
(Font)              <6> on input line 49.
 [1

{C:/Users/JoDan/AppData/Local/MiKTeX/2.9/pdftex/config/pdftex.map}]
(Software.Requirements.Specification.and.Technology.Neutral.Process.Design.toc)
\tf@toc=\write4
\openout4 = `Software.Requirements.Specification.and.Technology.Neutral.Process
.Design.toc'.

pdfTeX warning (ext4): destination with the same identifier (name{page.1}) has 
been already used, duplicate ignored
<to be read again> 
                   \relax 
l.91 \newpage
              [1]
LaTeX Font Info:    Try loading font information for OMS+cmr on input line 103.

 ("C:\Program Files\MiKTeX 2.9\tex\latex\base\omscmr.fd"
File: omscmr.fd 2014/09/29 v2.5h Standard LaTeX font definitions
)
LaTeX Font Info:    Font shape `OMS/cmr/m/n' in size <12> not available
(Font)              Font shape `OMS/cmsy/m/n' tried instead on input line 103.

[2] [3] [4] [5] [6] [7]
Underfull \hbox (badness 10000) in paragraph at lines 234--237

 []


Overfull \hbox (111.67493pt too wide) in paragraph at lines 238--239
[][]$\OT1/cmtt/m/n/12 http : / / www . andrewhavens . com / posts / 20 / beginn
ers-[]guide-[]to-[]creating-[]a-[]rest-[]api/$[] 
 []


Overfull \hbox (3.69987pt too wide) in paragraph at lines 239--240
[][]$\OT1/cmtt/m/n/12 http : / / www . tutorialspoint . com / restful / restful
 _ introduction .$
 []

[8] [9] [10] [11] [12] [13] [14]
Overfull \hbox (6.86775pt too wide) in paragraph at lines 312--312
[]\OT1/cmr/bx/n/17.28 Functional re-quire-ments and ap-pli-ca-tion de-
 []

[15] [16]
<images/use-case/adding-a-conference-paper.png, id=223, 677.53125pt x 426.09187
pt>
File: images/use-case/adding-a-conference-paper.png Graphic file (type png)
 <use images/use-case/adding-a-conference-paper.png>
Package pdftex.def Info: images/use-case/adding-a-conference-paper.png used on 
input line 384.
(pdftex.def)             Requested size: 390.0pt x 245.27399pt.
 [17pdfTeX warning (ext4): destination with the same identifier (name{figure.1}
) has been already used, duplicate ignored

\AtBegShi@Output ...ipout \box \AtBeginShipoutBox 
                                                  \fi \fi 
l.393         \item U
                     ser can specify the number of co-authors <./images/use-cas
e/adding-a-conference-paper.png>]
<images/use-case/adding-an-author-to-a-conference-paper.png, id=229, 670.00313p
t x 402.00188pt>
File: images/use-case/adding-an-author-to-a-conference-paper.png Graphic file (
type png)

<use images/use-case/adding-an-author-to-a-conference-paper.png>
Package pdftex.def Info: images/use-case/adding-an-author-to-a-conference-paper
.png used on input line 407.
(pdftex.def)             Requested size: 390.0pt x 233.99547pt.

<images/use-case/user-viewing-papers.png, id=230, 657.95813pt x 389.95688pt>
File: images/use-case/user-viewing-papers.png Graphic file (type png)

<use images/use-case/user-viewing-papers.png>
Package pdftex.def Info: images/use-case/user-viewing-papers.png used on input 
line 425.
(pdftex.def)             Requested size: 390.0pt x 231.14955pt.
 [18pdfTeX warning (ext4): destination with the same identifier (name{figure.2}
) has been already used, duplicate ignored

\AtBegShi@Output ...ipout \box \AtBeginShipoutBox 
                                                  \fi \fi 
l.427 \end{itemize}
                    <./images/use-case/adding-an-author-to-a-conference-paper.p
ng>]
<images/use-case/adding-a-researcher-to-a-research-group.png, id=237, 657.95813
pt x 389.95688pt>
File: images/use-case/adding-a-researcher-to-a-research-group.png Graphic file 
(type png)

<use images/use-case/adding-a-researcher-to-a-research-group.png>
Package pdftex.def Info: images/use-case/adding-a-researcher-to-a-research-grou
p.png used on input line 442.
(pdftex.def)             Requested size: 390.0pt x 231.14955pt.
 [19pdfTeX warning (ext4): destination with the same identifier (name{figure.3}
) has been already used, duplicate ignored

\AtBegShi@Output ...ipout \box \AtBeginShipoutBox 
                                                  \fi \fi 
l.444 \end{itemize}
                    <./images/use-case/user-viewing-papers.png>]
<images/use-case/user-viewing-paper-state.png, id=243, 657.95813pt x 389.95688p
t>
File: images/use-case/user-viewing-paper-state.png Graphic file (type png)
 <use images/use-case/user-viewing-paper-state.png>
Package pdftex.def Info: images/use-case/user-viewing-paper-state.png used on i
nput line 459.
(pdftex.def)             Requested size: 390.0pt x 231.14955pt.
 [20pdfTeX warning (ext4): destination with the same identifier (name{figure.4}
) has been already used, duplicate ignored

\AtBegShi@Output ...ipout \box \AtBeginShipoutBox 
                                                  \fi \fi 
l.461 \end{itemize}
                    <./images/use-case/adding-a-researcher-to-a-research-group.
png>]
<images/use-case/editing-metadata.png, id=249, 657.95813pt x 389.95688pt>
File: images/use-case/editing-metadata.png Graphic file (type png)

<use images/use-case/editing-metadata.png>
Package pdftex.def Info: images/use-case/editing-metadata.png used on input lin
e 483.
(pdftex.def)             Requested size: 390.0pt x 231.14955pt.
 [21pdfTeX warning (ext4): destination with the same identifier (name{figure.5}
) has been already used, duplicate ignored

\AtBegShi@Output ...ipout \box \AtBeginShipoutBox 
                                                  \fi \fi 
l.485 \end{itemize}
                    <./images/use-case/user-viewing-paper-state.png>]
<images/use-case/research-leader-viewing.png, id=255, 657.95813pt x 389.95688pt
>
File: images/use-case/research-leader-viewing.png Graphic file (type png)
 <use images/use-case/research-leader-viewing.png>
Package pdftex.def Info: images/use-case/research-leader-viewing.png used on in
put line 504.
(pdftex.def)             Requested size: 390.0pt x 231.14955pt.
 [22pdfTeX warning (ext4): destination with the same identifier (name{figure.6}
) has been already used, duplicate ignored

\AtBegShi@Output ...ipout \box \AtBeginShipoutBox 
                                                  \fi \fi 
l.506 \end{itemize}
                    <./images/use-case/editing-metadata.png>]
<images/use-case/adding-and-removing-authors.png, id=261, 657.95813pt x 389.956
88pt>
File: images/use-case/adding-and-removing-authors.png Graphic file (type png)
 <use images/use-case/adding-and-removing-authors.png>
Package pdftex.def Info: images/use-case/adding-and-removing-authors.png used o
n input line 521.
(pdftex.def)             Requested size: 390.0pt x 231.14955pt.
 [23pdfTeX warning (ext4): destination with the same identifier (name{figure.7}
) has been already used, duplicate ignored

\AtBegShi@Output ...ipout \box \AtBeginShipoutBox 
                                                  \fi \fi 
l.523 \end{itemize}
                    <./images/use-case/research-leader-viewing.png>] [24pdfTeX 
warning (ext4): destination with the same identifier (name{figure.8}) has been 
already used, duplicate ignored

\AtBegShi@Output ...ipout \box \AtBeginShipoutBox 
                                                  \fi \fi 
l.552 \end{itemize}
                    <./images/use-case/adding-and-removing-authors.png>]
<images/use-case/hod-viewing-papers.png, id=273, 657.95813pt x 389.95688pt>
File: images/use-case/hod-viewing-papers.png Graphic file (type png)

<use images/use-case/hod-viewing-papers.png>
Package pdftex.def Info: images/use-case/hod-viewing-papers.png used on input l
ine 568.
(pdftex.def)             Requested size: 390.0pt x 231.14955pt.
 [25pdfTeX warning (ext4): destination with the same identifier (name{figure.9}
) has been already used, duplicate ignored

\AtBegShi@Output ...ipout \box \AtBeginShipoutBox 
                                                  \fi \fi 
l.586         \item U
                     nits must be assigned to the paper <./images/use-case/hod-
viewing-papers.png>] [26]
<images/use-case/hod-viewing-units.png, id=283, 657.95813pt x 389.95688pt>
File: images/use-case/hod-viewing-units.png Graphic file (type png)

<use images/use-case/hod-viewing-units.png>
Package pdftex.def Info: images/use-case/hod-viewing-units.png used on input li
ne 665.
(pdftex.def)             Requested size: 390.0pt x 231.14955pt.
 [27pdfTeX warning (ext4): destination with the same identifier (name{figure.10
}) has been already used, duplicate ignored

\AtBegShi@Output ...ipout \box \AtBeginShipoutBox 
                                                  \fi \fi 
l.672         \item T
                     he user must be an administrator <./images/use-case/hod-vi
ewing-units.png>]
<images/use-case/administrator-access.png, id=289, 657.95813pt x 389.95688pt>
File: images/use-case/administrator-access.png Graphic file (type png)

<use images/use-case/administrator-access.png>
Package pdftex.def Info: images/use-case/administrator-access.png used on input
 line 683.
(pdftex.def)             Requested size: 390.0pt x 231.14955pt.
 [28pdfTeX warning (ext4): destination with the same identifier (name{figure.11
}) has been already used, duplicate ignored

\AtBegShi@Output ...ipout \box \AtBeginShipoutBox 
                                                  \fi \fi 
l.703     \end{itemize}
                        <./images/use-case/administrator-access.png>] [29]
<images/req-func/uc__The_System__addPaper.jpg, id=299, 712.6625pt x 277.035pt>
File: images/req-func/uc__The_System__addPaper.jpg Graphic file (type jpg)

<use images/req-func/uc__The_System__addPaper.jpg>
Package pdftex.def Info: images/req-func/uc__The_System__addPaper.jpg used on i
nput line 721.
(pdftex.def)             Requested size: 390.0pt x 151.60458pt.

<images/req-func/uc__The_System__addMetadata.jpg, id=300, 742.775pt x 387.4475p
t>
File: images/req-func/uc__The_System__addMetadata.jpg Graphic file (type jpg)
 <use images/req-func/uc__The_System__addMetadata.jpg>
Package pdftex.def Info: images/req-func/uc__The_System__addMetadata.jpg used o
n input line 727.
(pdftex.def)             Requested size: 390.0pt x 203.43663pt.

<images/req-func/uc__The_System__editPaperData.jpg, id=301, 665.48625pt x 275.0
275pt>
File: images/req-func/uc__The_System__editPaperData.jpg Graphic file (type jpg)

 <use images/req-func/uc__The_System__editPaperData.jpg>
Package pdftex.def Info: images/req-func/uc__The_System__editPaperData.jpg used
 on input line 733.
(pdftex.def)             Requested size: 390.0pt x 161.1779pt.
 [30pdfTeX warning (ext4): destination with the same identifier (name{figure.12
}) has been already used, duplicate ignored

\AtBegShi@Output ...ipout \box \AtBeginShipoutBox 
                                                  \fi \fi 
l.735 
      pdfTeX warning (ext4): destination with the same identifier (name{figure.
13}) has been already used, duplicate ignored

\AtBegShi@Output ...ipout \box \AtBeginShipoutBox 
                                                  \fi \fi 
l.735 
       <./images/req-func/uc__The_System__addPaper.jpg> <./images/req-func/uc__
The_System__addMetadata.jpg>]
<images/req-func/uc__The_System__viewAuthoredPapers.jpg, id=309, 718.685pt x 29
0.08376pt>
File: images/req-func/uc__The_System__viewAuthoredPapers.jpg Graphic file (type
 jpg)
 <use images/req-func/uc__The_System__viewAuthoredPapers.jpg>
Package pdftex.def Info: images/req-func/uc__The_System__viewAuthoredPapers.jpg
 used on input line 739.
(pdftex.def)             Requested size: 390.0pt x 157.42192pt.

<images/req-func/uc__The_System__viewResearchGroupPapers.jpg, id=310, 1349.04pt
 x 868.24374pt>
File: images/req-func/uc__The_System__viewResearchGroupPapers.jpg Graphic file 
(type jpg)

<use images/req-func/uc__The_System__viewResearchGroupPapers.jpg>
Package pdftex.def Info: images/req-func/uc__The_System__viewResearchGroupPaper
s.jpg used on input line 745.
(pdftex.def)             Requested size: 390.0pt x 251.00258pt.
 [31pdfTeX warning (ext4): destination with the same identifier (name{figure.14
}) has been already used, duplicate ignored

\AtBegShi@Output ...ipout \box \AtBeginShipoutBox 
                                                  \fi \fi 
l.747 
      pdfTeX warning (ext4): destination with the same identifier (name{figure.
15}) has been already used, duplicate ignored

\AtBegShi@Output ...ipout \box \AtBeginShipoutBox 
                                                  \fi \fi 
l.747 
       <./images/req-func/uc__The_System__editPaperData.jpg> <./images/req-func
/uc__The_System__viewAuthoredPapers.jpg>]
<images/req-func/uc__The_System__viewAllPapers.jpg, id=317, 1381.16pt x 685.561
25pt>
File: images/req-func/uc__The_System__viewAllPapers.jpg Graphic file (type jpg)

 <use images/req-func/uc__The_System__viewAllPapers.jpg>
Package pdftex.def Info: images/req-func/uc__The_System__viewAllPapers.jpg used
 on input line 751.
(pdftex.def)             Requested size: 390.0pt x 193.57726pt.

<images/req-func/uc__The_System__addUser.jpg, id=318, 1475.5125pt x 670.505pt>
File: images/req-func/uc__The_System__addUser.jpg Graphic file (type jpg)

<use images/req-func/uc__The_System__addUser.jpg>
Package pdftex.def Info: images/req-func/uc__The_System__addUser.jpg used on in
put line 757.
(pdftex.def)             Requested size: 390.0pt x 177.22258pt.
 [32pdfTeX warning (ext4): destination with the same identifier (name{figure.16
}) has been already used, duplicate ignored

\AtBegShi@Output ...ipout \box \AtBeginShipoutBox 
                                                  \fi \fi 
l.759 
      pdfTeX warning (ext4): destination with the same identifier (name{figure.
17}) has been already used, duplicate ignored

\AtBegShi@Output ...ipout \box \AtBeginShipoutBox 
                                                  \fi \fi 
l.759 
       <./images/req-func/uc__The_System__viewResearchGroupPapers.jpg> <./image
s/req-func/uc__The_System__viewAllPapers.jpg>]
<images/req-func/uc__The_System__removeUser.jpg, id=325, 895.345pt x 566.115pt>
File: images/req-func/uc__The_System__removeUser.jpg Graphic file (type jpg)
<use images/req-func/uc__The_System__removeUser.jpg>
Package pdftex.def Info: images/req-func/uc__The_System__removeUser.jpg used on
 input line 763.
(pdftex.def)             Requested size: 390.0pt x 246.59492pt.

<images/req-func/uc__The_System__addResearchGroupUser.jpg, id=326, 913.4125pt x
 618.31pt>
File: images/req-func/uc__The_System__addResearchGroupUser.jpg Graphic file (ty
pe jpg)
 <use images/req-func/uc__The_System__addResearchGroupUser.jpg>
Package pdftex.def Info: images/req-func/uc__The_System__addResearchGroupUser.j
pg used on input line 769.
(pdftex.def)             Requested size: 390.0pt x 264.00006pt.

[33pdfTeX warning (ext4): destination with the same identifier (name{figure.18}
) has been already used, duplicate ignored

\AtBegShi@Output ...ipout \box \AtBeginShipoutBox 
                                                  \fi \fi 
l.771 
      pdfTeX warning (ext4): destination with the same identifier (name{figure.
19}) has been already used, duplicate ignored

\AtBegShi@Output ...ipout \box \AtBeginShipoutBox 
                                                  \fi \fi 
l.771 
       <./images/req-func/uc__The_System__addUser.jpg> <./images/req-func/uc__T
he_System__removeUser.jpg>]
<images/req-func/uc__The_System__removeResearchGroupUser.jpg, id=333, 944.52875
pt x 572.1375pt>
File: images/req-func/uc__The_System__removeResearchGroupUser.jpg Graphic file 
(type jpg)

<use images/req-func/uc__The_System__removeResearchGroupUser.jpg>
Package pdftex.def Info: images/req-func/uc__The_System__removeResearchGroupUse
r.jpg used on input line 775.
(pdftex.def)             Requested size: 390.0pt x 236.2366pt.

<images/req-func/uc__The_System__viewResearchGroupProgress.jpg, id=334, 1015.79
5pt x 587.19376pt>
File: images/req-func/uc__The_System__viewResearchGroupProgress.jpg Graphic fil
e (type jpg)

<use images/req-func/uc__The_System__viewResearchGroupProgress.jpg>
Package pdftex.def Info: images/req-func/uc__The_System__viewResearchGroupProgr
ess.jpg used on input line 781.
(pdftex.def)             Requested size: 390.0pt x 225.43863pt.
 [34pdfTeX warning (ext4): destination with the same identifier (name{figure.20
}) has been already used, duplicate ignored

\AtBegShi@Output ...ipout \box \AtBeginShipoutBox 
                                                  \fi \fi 
l.783 
      pdfTeX warning (ext4): destination with the same identifier (name{figure.
21}) has been already used, duplicate ignored

\AtBegShi@Output ...ipout \box \AtBeginShipoutBox 
                                                  \fi \fi 
l.783 
       <./images/req-func/uc__The_System__addResearchGroupUser.jpg> <./images/r
eq-func/uc__The_System__removeResearchGroupUser.jpg>]
<images/req-func/uc__The_System__viewResearchGroupUsers.jpg, id=341, 1113.15875
pt x 608.2725pt>
File: images/req-func/uc__The_System__viewResearchGroupUsers.jpg Graphic file (
type jpg)

<use images/req-func/uc__The_System__viewResearchGroupUsers.jpg>
Package pdftex.def Info: images/req-func/uc__The_System__viewResearchGroupUsers
.jpg used on input line 787.
(pdftex.def)             Requested size: 390.0pt x 213.11205pt.

<images/req-func/uc__The_System__viewUnitsEarned.jpg, id=342, 726.715pt x 340.2
7126pt>
File: images/req-func/uc__The_System__viewUnitsEarned.jpg Graphic file (type jp
g)
 <use images/req-func/uc__The_System__viewUnitsEarned.jpg>
Package pdftex.def Info: images/req-func/uc__The_System__viewUnitsEarned.jpg us
ed on input line 793.
(pdftex.def)             Requested size: 390.0pt x 182.61185pt.
 [35pdfTeX warning (ext4): destination with the same identifier (name{figure.22
}) has been already used, duplicate ignored

\AtBegShi@Output ...ipout \box \AtBeginShipoutBox 
                                                  \fi \fi 
l.795 
      pdfTeX warning (ext4): destination with the same identifier (name{figure.
23}) has been already used, duplicate ignored

\AtBegShi@Output ...ipout \box \AtBeginShipoutBox 
                                                  \fi \fi 
l.795 
       <./images/req-func/uc__The_System__viewResearchGroupProgress.jpg> <./ima
ges/req-func/uc__The_System__viewResearchGroupUsers.jpg>]
<images/req-func/uc__The_System__editProfile.jpg, id=349, 947.54pt x 388.45125p
t>
File: images/req-func/uc__The_System__editProfile.jpg Graphic file (type jpg)
 <use images/req-func/uc__The_System__editProfile.jpg>
Package pdftex.def Info: images/req-func/uc__The_System__editProfile.jpg used o
n input line 799.
(pdftex.def)             Requested size: 390.0pt x 159.88248pt.

<images/req-func/uc__The_System__viewProfile.jpg, id=350, 783.92876pt x 360.346
25pt>
File: images/req-func/uc__The_System__viewProfile.jpg Graphic file (type jpg)
 <use images/req-func/uc__The_System__viewProfile.jpg>
Package pdftex.def Info: images/req-func/uc__The_System__viewProfile.jpg used o
n input line 805.
(pdftex.def)             Requested size: 390.0pt x 179.27094pt.
 [36pdfTeX warning (ext4): destination with the same identifier (name{figure.24
}) has been already used, duplicate ignored

\AtBegShi@Output ...ipout \box \AtBeginShipoutBox 
                                                  \fi \fi 
l.807 
      pdfTeX warning (ext4): destination with the same identifier (name{figure.
25}) has been already used, duplicate ignored

\AtBegShi@Output ...ipout \box \AtBeginShipoutBox 
                                                  \fi \fi 
l.807 
       <./images/req-func/uc__The_System__viewUnitsEarned.jpg> <./images/req-fu
nc/uc__The_System__editProfile.jpg>]
<images/req-func/uc__The_System__viewAllUsers.jpg, id=358, 1327.96124pt x 594.2
2pt>
File: images/req-func/uc__The_System__viewAllUsers.jpg Graphic file (type jpg)
 <use images/req-func/uc__The_System__viewAllUsers.jpg>
Package pdftex.def Info: images/req-func/uc__The_System__viewAllUsers.jpg used 
on input line 811.
(pdftex.def)             Requested size: 390.0pt x 174.51361pt.

<images/req-func/uc__The_System__logIn.jpg, id=359, 570.13pt x 276.03125pt>
File: images/req-func/uc__The_System__logIn.jpg Graphic file (type jpg)

<use images/req-func/uc__The_System__logIn.jpg>
Package pdftex.def Info: images/req-func/uc__The_System__logIn.jpg used on inpu
t line 817.
(pdftex.def)             Requested size: 390.0pt x 188.81912pt.
 [37pdfTeX warning (ext4): destination with the same identifier (name{figure.26
}) has been already used, duplicate ignored

\AtBegShi@Output ...ipout \box \AtBeginShipoutBox 
                                                  \fi \fi 
l.819 
      pdfTeX warning (ext4): destination with the same identifier (name{figure.
27}) has been already used, duplicate ignored

\AtBegShi@Output ...ipout \box \AtBeginShipoutBox 
                                                  \fi \fi 
l.819 
       <./images/req-func/uc__The_System__viewProfile.jpg> <./images/req-func/u
c__The_System__viewAllUsers.jpg>]
<images/req-func/uc__The_System__logOut.jpg, id=366, 613.29124pt x 302.12875pt>
File: images/req-func/uc__The_System__logOut.jpg Graphic file (type jpg)
<use images/req-func/uc__The_System__logOut.jpg>
Package pdftex.def Info: images/req-func/uc__The_System__logOut.jpg used on inp
ut line 823.
(pdftex.def)             Requested size: 390.0pt x 192.12622pt.

<images/req-func/uc__The_System__viewActivityLogs.jpg, id=367, 1121.18875pt x 6
29.35126pt>
File: images/req-func/uc__The_System__viewActivityLogs.jpg Graphic file (type j
pg)
 <use images/req-func/uc__The_System__viewActivityLogs.jpg>
Package pdftex.def Info: images/req-func/uc__The_System__viewActivityLogs.jpg u
sed on input line 829.
(pdftex.def)             Requested size: 390.0pt x 218.9222pt.
 [38pdfTeX warning (ext4): destination with the same identifier (name{figure.28
}) has been already used, duplicate ignored

\AtBegShi@Output ...ipout \box \AtBeginShipoutBox 
                                                  \fi \fi 
l.831 
      pdfTeX warning (ext4): destination with the same identifier (name{figure.
29}) has been already used, duplicate ignored

\AtBegShi@Output ...ipout \box \AtBeginShipoutBox 
                                                  \fi \fi 
l.831 
       <./images/req-func/uc__The_System__logIn.jpg> <./images/req-func/uc__The
_System__logOut.jpg>]
<images/req-func/uc__The_System__backupSystemInfo.jpg, id=374, 963.6pt x 566.11
5pt>
File: images/req-func/uc__The_System__backupSystemInfo.jpg Graphic file (type j
pg)
 <use images/req-func/uc__The_System__backupSystemInfo.jpg>
Package pdftex.def Info: images/req-func/uc__The_System__backupSystemInfo.jpg u
sed on input line 835.
(pdftex.def)             Requested size: 390.0pt x 229.11983pt.
 [39pdfTeX warning (ext4): destination with the same identifier (name{figure.30
}) has been already used, duplicate ignored

\AtBegShi@Output ...ipout \box \AtBeginShipoutBox 
                                                  \fi \fi 
l.841 \newpage
              pdfTeX warning (ext4): destination with the same identifier (name
{figure.31}) has been already used, duplicate ignored

\AtBegShi@Output ...ipout \box \AtBeginShipoutBox 
                                                  \fi \fi 
l.841 \newpage
               <./images/req-func/uc__The_System__viewActivityLogs.jpg> <./imag
es/req-func/uc__The_System__backupSystemInfo.jpg>]
<images/process-spec/Activity_Login.jpg, id=381, 792.9625pt x 853.1875pt>
File: images/process-spec/Activity_Login.jpg Graphic file (type jpg)

<use images/process-spec/Activity_Login.jpg>
Package pdftex.def Info: images/process-spec/Activity_Login.jpg used on input l
ine 849.
(pdftex.def)             Requested size: 390.0pt x 419.62776pt.

<images/process-spec/Activity_AddPaper.jpg, id=382, 451.6875pt x 732.7375pt>
File: images/process-spec/Activity_AddPaper.jpg Graphic file (type jpg)

<use images/process-spec/Activity_AddPaper.jpg>
Package pdftex.def Info: images/process-spec/Activity_AddPaper.jpg used on inpu
t line 855.
(pdftex.def)             Requested size: 390.0pt x 632.70235pt.
 [40pdfTeX warning (ext4): destination with the same identifier (name{figure.32
}) has been already used, duplicate ignored

\AtBegShi@Output ...ipout \box \AtBeginShipoutBox 
                                                  \fi \fi 
l.857 
       <./images/process-spec/Activity_Login.jpg>]
Overfull \vbox (62.36897pt too high) has occurred while \output is active []


[41pdfTeX warning (ext4): destination with the same identifier (name{figure.33}
) has been already used, duplicate ignored

\AtBegShi@Output ...ipout \box \AtBeginShipoutBox 
                                                  \fi \fi 
l.857 
       <./images/process-spec/Activity_AddPaper.jpg>]
<images/process-spec/Activity_EditPaper.jpg, id=393, 461.725pt x 722.7pt>
File: images/process-spec/Activity_EditPaper.jpg Graphic file (type jpg)

<use images/process-spec/Activity_EditPaper.jpg>
Package pdftex.def Info: images/process-spec/Activity_EditPaper.jpg used on inp
ut line 861.
(pdftex.def)             Requested size: 390.0pt x 610.43828pt.

Overfull \vbox (40.1049pt too high) has occurred while \output is active []


[42pdfTeX warning (ext4): destination with the same identifier (name{figure.34}
) has been already used, duplicate ignored

\AtBegShi@Output ...ipout \box \AtBeginShipoutBox 
                                                  \fi \fi 
l.863 
       <./images/process-spec/Activity_EditPaper.jpg>]
<images/process-spec/generateReportActivityDiagram.jpg, id=400, 893.3375pt x 11
25.20375pt>
File: images/process-spec/generateReportActivityDiagram.jpg Graphic file (type 
jpg)
 <use images/process-spec/generateReportActivityDiagram.jpg>
Package pdftex.def Info: images/process-spec/generateReportActivityDiagram.jpg 
used on input line 867.
(pdftex.def)             Requested size: 390.0pt x 491.22812pt.

<images/process-spec/logOutActivityDiagraml.jpg, id=401, 1152.305pt x 543.02875
pt>
File: images/process-spec/logOutActivityDiagraml.jpg Graphic file (type jpg)
 <use images/process-spec/logOutActivityDiagraml.jpg>
Package pdftex.def Info: images/process-spec/logOutActivityDiagraml.jpg used on
 input line 873.
(pdftex.def)             Requested size: 390.0pt x 183.79044pt.
 [43pdfTeX warning (ext4): destination with the same identifier (name{figure.35
}) has been already used, duplicate ignored

\AtBegShi@Output ...ipout \box \AtBeginShipoutBox 
                                                  \fi \fi 
l.875 
       <./images/process-spec/generateReportActivityDiagram.jpg>] [44pdfTeX war
ning (ext4): destination with the same identifier (name{figure.36}) has been al
ready used, duplicate ignored

\AtBegShi@Output ...ipout \box \AtBeginShipoutBox 
                                                  \fi \fi 
l.879 \newpage
               <./images/process-spec/logOutActivityDiagraml.jpg>]
<images/domainModel.jpg, id=412, 1008.76875pt x 839.135pt>
File: images/domainModel.jpg Graphic file (type jpg)

<use images/domainModel.jpg>
Package pdftex.def Info: images/domainModel.jpg used on input line 887.
(pdftex.def)             Requested size: 390.0pt x 324.41881pt.
 [45pdfTeX warning (ext4): destination with the same identifier (name{figure.37
}) has been already used, duplicate ignored

\AtBegShi@Output ...ipout \box \AtBeginShipoutBox 
                                                  \fi \fi 
l.893 \newpage
               <./images/domainModel.jpg>]
Underfull \hbox (badness 10000) in paragraph at lines 895--905

 []


Overfull \hbox (2.25005pt too wide) in paragraph at lines 916--923
[]\OT1/cmr/m/n/12 The con-troller partly rep-re-sents the logic and the user-fu
nctionality
 []

[46] [47] [48]
Package atveryend Info: Empty hook `BeforeClearDocument' on input line 1027.
 [49]
Package atveryend Info: Empty hook `AfterLastShipout' on input line 1027.

(Software.Requirements.Specification.and.Technology.Neutral.Process.Design.aux)
Package atveryend Info: Executing hook `AtVeryEndDocument' on input line 1027.
Package atveryend Info: Executing hook `AtEndAfterFileList' on input line 1027.

Package rerunfilecheck Info: File `Software.Requirements.Specification.and.Tech
nology.Neutral.Process.Design.out' has not changed.
(rerunfilecheck)             Checksum: D28743601386CE7C298A25998E39F01B;1823.
Package atveryend Info: Empty hook `AtVeryVeryEnd' on input line 1027.
 ) 
Here is how much of TeX's memory you used:
 5756 strings out of 493634
 90056 string characters out of 3143744
 163361 words of memory out of 3000000
 8943 multiletter control sequences out of 15000+200000
 10567 words of font info for 37 fonts, out of 3000000 for 9000
 1025 hyphenation exceptions out of 8191
 29i,5n,30p,907b,440s stack positions out of 5000i,500n,10000p,200000b,50000s
<C:/Program Files/MiKTeX 2.9/fonts/type1/public/amsfonts/cm/cmbx12.pfb><C:/Pr
ogram Files/MiKTeX 2.9/fonts/type1/public/amsfonts/cm/cmcsc10.pfb><C:/Program F
iles/MiKTeX 2.9/fonts/type1/public/amsfonts/cm/cmr12.pfb><C:/Program Files/MiKT
eX 2.9/fonts/type1/public/amsfonts/cm/cmsy10.pfb><C:/Program Files/MiKTeX 2.9/f
onts/type1/public/amsfonts/cm/cmti12.pfb><C:/Program Files/MiKTeX 2.9/fonts/typ
e1/public/amsfonts/cm/cmtt12.pfb>
Output written on Software.Requirements.Specification.and.Technology.Neutral.Pr
ocess.Design.pdf (50 pages, 3653726 bytes).
PDF statistics:
 484 PDF objects out of 1000 (max. 8388607)
 120 named destinations out of 1000 (max. 500000)
 402 words of extra memory for PDF output out of 10000 (max. 10000000)

