\BOOKMARK [1][-]{section.1}{Introduction}{}% 1
\BOOKMARK [1][-]{section.2}{Vision}{}% 2
\BOOKMARK [1][-]{section.3}{Background}{}% 3
\BOOKMARK [1][-]{section.4}{Architecture Requirements}{}% 4
\BOOKMARK [2][-]{subsection.4.1}{Architectural Scope}{section.4}% 5
\BOOKMARK [2][-]{subsection.4.2}{Access Channel Requirements}{section.4}% 6
\BOOKMARK [2][-]{subsection.4.3}{Quality Requirements}{section.4}% 7
\BOOKMARK [3][-]{subsubsection.4.3.1}{Performance}{subsection.4.3}% 8
\BOOKMARK [3][-]{subsubsection.4.3.2}{Reliability}{subsection.4.3}% 9
\BOOKMARK [3][-]{subsubsection.4.3.3}{Scalability}{subsection.4.3}% 10
\BOOKMARK [3][-]{subsubsection.4.3.4}{Usability}{subsection.4.3}% 11
\BOOKMARK [3][-]{subsubsection.4.3.5}{Auditability}{subsection.4.3}% 12
\BOOKMARK [3][-]{subsubsection.4.3.6}{Security}{subsection.4.3}% 13
\BOOKMARK [2][-]{subsection.4.4}{Integration Requirements}{section.4}% 14
\BOOKMARK [2][-]{subsection.4.5}{Architecture Constraints}{section.4}% 15
\BOOKMARK [1][-]{section.5}{Functional requirements and application design}{}% 16
\BOOKMARK [2][-]{subsection.5.1}{Use case prioritization}{section.5}% 17
\BOOKMARK [2][-]{subsection.5.2}{Use case/Services contracts}{section.5}% 18
\BOOKMARK [2][-]{subsection.5.3}{Required functionality}{section.5}% 19
\BOOKMARK [2][-]{subsection.5.4}{Process specifications}{section.5}% 20
\BOOKMARK [2][-]{subsection.5.5}{Domain Model}{section.5}% 21
\BOOKMARK [1][-]{section.6}{Architectural Patterns or Styles}{}% 22
\BOOKMARK [1][-]{section.7}{Architectural Tactics or Strategies}{}% 23
\BOOKMARK [1][-]{section.8}{Use of Reference Architectures and Frameworks}{}% 24
\BOOKMARK [1][-]{section.9}{Access and Integration Channels}{}% 25
\BOOKMARK [1][-]{section.10}{Technologies}{}% 26
\BOOKMARK [1][-]{section.11}{Open Issues}{}% 27
